[1m=========================================================================================== test session starts ===========================================================================================[0m
platform linux -- Python 3.10.12, pytest-8.3.2, pluggy-1.5.0
rootdir: /home/jannik/Arbor_Network_MultiComp_GitLab_Repository
plugins: cov-5.0.0, reportlog-0.4.0
[1mcollecting ... [0m[1mcollected 52 items                                                                                                                                                                                        [0m

test_arborNetworkConsolidationMultiComp.py [32m.[0m[32m.[0m[32m.[0m[32m.[0m[32m.[0m[32m.[0m[32m.[0m[32m.[0m[32m.[0m[32m.[0m[32m.[0m[32m.[0m[32m.[0m[32m.[0m[32m.[0m[32m.[0m[32m.[0m[32m.[0m[32m.[0m[32m.[0m[32m.[0m[32m.[0m[32m.[0m[32m.[0m[32m.[0m[32m.[0m[32m.[0m[32m.[0m[32m.[0m[32m.[0m[32m.[0m[32m.[0m[32m.[0m[32m.[0m[32m.[0m[32m.[0m[32m.[0m[32m.[0m[32m.[0m[32m.[0m[32m.[0m[32m.[0m[32m.[0m[32m.[0m[32m.[0m[32m.[0m[32m.[0m[32m.[0m[32m.[0m[32m.[0m[32m.[0m[32m.[0m[32m                                                                                                     [100%][0m

[32m===================================================================================== [32m[1m52 passed[0m[32m in 2897.98s (0:48:17)[0m[32m =====================================================================================[0m
